<?xml version="1.0" encoding="UTF-8"?>
<!-- Generated by org.testng.reporters.JUnitXMLReporter -->
<testsuite hostname="LAPTOP-UK7PKGHG" name="Test" tests="4" failures="0" timestamp="13 Jun 2020 05:59:13 GMT" time="0.048" errors="0">
  <testcase name="testcaseone" time="0.022" classname="jenkinDemo.FirstTestNG"/>
  <testcase name="first" time="0.0" classname="jenkinDemo.FirstTestNG2"/>
  <testcase name="one" time="0.0" classname="jenkinDemo.FirstTestNG2"/>
  <testcase name="two" time="0.0" classname="jenkinDemo.FirstTestNG2"/>
</testsuite> <!-- Test -->
