<?xml version="1.0" encoding="UTF-8"?>
<testng-results skipped="0" failed="0" ignored="0" total="1" passed="1">
  <reporter-output>
  </reporter-output>
  <suite name="Default suite" duration-ms="15148" started-at="2020-06-13T07:42:54Z" finished-at="2020-06-13T07:43:09Z">
    <groups>
    </groups>
    <test name="Default test" duration-ms="15148" started-at="2020-06-13T07:42:54Z" finished-at="2020-06-13T07:43:09Z">
      <class name="advanceSelenium.AutoItDemo">
        <test-method status="PASS" signature="uploadfile()[pri:0, instance:advanceSelenium.AutoItDemo@3891771e]" name="uploadfile" duration-ms="14994" started-at="2020-06-13T07:42:54Z" finished-at="2020-06-13T07:43:09Z">
          <reporter-output>
          </reporter-output>
        </test-method> <!-- uploadfile -->
      </class> <!-- advanceSelenium.AutoItDemo -->
    </test> <!-- Default test -->
  </suite> <!-- Default suite -->
</testng-results>
